<?xml version="1.0" encoding="UTF-8"?>
<!-- Generated by org.testng.reporters.JUnitXMLReporter -->
<testsuite hostname="Limshen.local" name="服务端自动化测试" tests="3" failures="0" timestamp="5 Jan 2020 14:02:39 GMT" time="0.45" errors="0">
  <testcase name="test" time="0.16" classname="com.mytest.function.base.FunctionTestBase"/>
  <testcase name="test" time="0.049" classname="com.mytest.function.base.FunctionTestBase"/>
  <testcase name="test" time="0.043" classname="com.mytest.function.base.FunctionTestBase"/>
</testsuite> <!-- 服务端自动化测试 -->
