<?xml version="1.0" encoding="UTF-8"?>
<!-- Generated by org.testng.reporters.JUnitXMLReporter -->
<testsuite hostname="AFAAW-704030720" name="服务端自动化测试" tests="3" failures="0" timestamp="29 Jan 2020 03:46:33 GMT" time="0.294" errors="0">
  <testcase name="test" time="0.083" classname="com.mytest.function.base.FunctionTestBase"/>
  <testcase name="test" time="0.052" classname="com.mytest.function.base.FunctionTestBase"/>
  <testcase name="test" time="0.043" classname="com.mytest.function.base.FunctionTestBase"/>
</testsuite> <!-- 服务端自动化测试 -->
