<?xml version="1.0" encoding="UTF-8"?>
<testng-results skipped="0" failed="0" total="3" passed="3">
  <reporter-output>
  </reporter-output>
  <suite name="服务端自动化测试" duration-ms="450" started-at="2020-01-05T14:02:39Z" finished-at="2020-01-05T14:02:39Z">
    <groups>
    </groups>
    <test name="服务端自动化测试" duration-ms="450" started-at="2020-01-05T14:02:39Z" finished-at="2020-01-05T14:02:39Z">
      <class name="com.mytest.function.base.FunctionTestBase">
        <test-method status="PASS" signature="init()[pri:0, instance:com.mytest.function.base.FunctionTestBase@32d992b2]" name="init" is-config="true" duration-ms="12" started-at="2020-01-05T22:02:39Z" finished-at="2020-01-05T22:02:39Z">
          <reporter-output>
          </reporter-output>
        </test-method> <!-- init -->
        <test-method status="PASS" signature="test(com.mytest.function.Utils.TestData)[pri:0, instance:com.mytest.function.base.FunctionTestBase@32d992b2]" name="test" duration-ms="160" started-at="2020-01-05T22:02:39Z" data-provider="myDataProvider_all" finished-at="2020-01-05T22:02:39Z">
          <params>
            <param index="0">
              <value>
                <![CDATA[TestData[USER_LOGIN_01 login user]]]>
              </value>
            </param>
          </params>
          <reporter-output>
          </reporter-output>
        </test-method> <!-- test -->
        <test-method status="PASS" signature="test(com.mytest.function.Utils.TestData)[pri:0, instance:com.mytest.function.base.FunctionTestBase@32d992b2]" name="test" duration-ms="49" started-at="2020-01-05T22:02:39Z" data-provider="myDataProvider_all" finished-at="2020-01-05T22:02:39Z">
          <params>
            <param index="0">
              <value>
                <![CDATA[TestData[USER_REGISTER_01 register user]]]>
              </value>
            </param>
          </params>
          <reporter-output>
          </reporter-output>
        </test-method> <!-- test -->
        <test-method status="PASS" signature="test(com.mytest.function.Utils.TestData)[pri:0, instance:com.mytest.function.base.FunctionTestBase@32d992b2]" name="test" duration-ms="43" started-at="2020-01-05T22:02:39Z" data-provider="myDataProvider_all" finished-at="2020-01-05T22:02:39Z">
          <params>
            <param index="0">
              <value>
                <![CDATA[TestData[USER_REGISTER_02 register user]]]>
              </value>
            </param>
          </params>
          <reporter-output>
          </reporter-output>
        </test-method> <!-- test -->
      </class> <!-- com.mytest.function.base.FunctionTestBase -->
    </test> <!-- 服务端自动化测试 -->
  </suite> <!-- 服务端自动化测试 -->
</testng-results>
